#
# There is insufficient memory for the Java Runtime Environment to continue.
# Native memory allocation (malloc) failed to allocate 87031808 bytes for committing reserved memory.
# Possible reasons:
#   The system is out of physical RAM or swap space
#   In 32 bit mode, the process size limit was hit
# Possible solutions:
#   Reduce memory load on the system
#   Increase physical memory or swap space
#   Check if swap backing store is full
#   Use 64 bit Java on a 64 bit OS
#   Decrease Java heap size (-Xmx/-Xms)
#   Decrease number of Java threads
#   Decrease Java thread stack sizes (-Xss)
#   Set larger code cache with -XX:ReservedCodeCacheSize=
# This output file may be truncated or incomplete.
#
#  Out of Memory Error (os_linux.cpp:2798), pid=7097, tid=140569810364160
#
# JRE version: OpenJDK Runtime Environment (7.0_65-b32) (build 1.7.0_65-b32)
# Java VM: OpenJDK 64-Bit Server VM (24.65-b04 mixed mode linux-amd64 compressed oops)
# Derivative: IcedTea 2.5.3
# Distribution: Ubuntu 14.04 LTS, package 7u71-2.5.3-0ubuntu0.14.04.1
# Failed to write core dump. Core dumps have been disabled. To enable core dumping, try "ulimit -c unlimited" before starting Java again
#

---------------  T H R E A D  ---------------

Current thread (0x00007fd9001c5800):  VMThread [stack: 0x00007fd8f58ce000,0x00007fd8f59cf000] [id=7144]

Stack: [0x00007fd8f58ce000,0x00007fd8f59cf000],  sp=0x00007fd8f59cd490,  free space=1021k
Native frames: (J=compiled Java code, j=interpreted, Vv=VM code, C=native code)
V  [libjvm.so+0x948b05]  VMError::report_and_die()+0x175
V  [libjvm.so+0x48bc34]  report_vm_out_of_memory(char const*, int, unsigned long, char const*)+0x74
V  [libjvm.so+0x7c7bfb]  os::pd_commit_memory(char*, unsigned long, unsigned long, bool)+0xeb
V  [libjvm.so+0x7c26bf]  os::commit_memory(char*, unsigned long, unsigned long, bool)+0x1f
V  [libjvm.so+0x833e4b]  PSVirtualSpace::expand_by(unsigned long)+0x5b
V  [libjvm.so+0x834ca0]  PSYoungGen::resize_generation(unsigned long, unsigned long)+0xb0
V  [libjvm.so+0x83538b]  PSYoungGen::resize(unsigned long, unsigned long)+0x1b
V  [libjvm.so+0x831670]  PSScavenge::invoke_no_policy()+0xde0
V  [libjvm.so+0x831e48]  PSScavenge::invoke()+0x38
V  [libjvm.so+0x7e8823]  ParallelScavengeHeap::failed_mem_allocate(unsigned long)+0x63
V  [libjvm.so+0x94a504]  VM_ParallelGCFailedAllocation::doit()+0x84
V  [libjvm.so+0x94e9f7]  VM_Operation::evaluate()+0x47
V  [libjvm.so+0x94d368]  VMThread::evaluate_operation(VM_Operation*)+0x318
V  [libjvm.so+0x94d7c9]  VMThread::loop()+0x219
V  [libjvm.so+0x94dc12]  VMThread::run()+0x72
V  [libjvm.so+0x7c4ac2]  java_start(Thread*)+0xf2

VM_Operation (0x00007fd9091b93f0): ParallelGCFailedAllocation, mode: safepoint, requested by thread 0x00007fd90000a800


---------------  P R O C E S S  ---------------

Java Threads: ( => current thread )
  0x00007fd9001fe800 JavaThread "Service Thread" daemon [_thread_blocked, id=7165, stack(0x00007fd8f4bdd000,0x00007fd8f4cde000)]
  0x00007fd9001fc000 JavaThread "C2 CompilerThread1" daemon [_thread_blocked, id=7160, stack(0x00007fd8f4cde000,0x00007fd8f4ddf000)]
  0x00007fd9001f9000 JavaThread "C2 CompilerThread0" daemon [_thread_blocked, id=7155, stack(0x00007fd8f4ddf000,0x00007fd8f4ee0000)]
  0x00007fd9001f7000 JavaThread "Signal Dispatcher" daemon [_thread_blocked, id=7153, stack(0x00007fd8f4ee0000,0x00007fd8f4fe1000)]
  0x00007fd9001cc000 JavaThread "Finalizer" daemon [_thread_blocked, id=7150, stack(0x00007fd8f56cc000,0x00007fd8f57cd000)]
  0x00007fd9001ca000 JavaThread "Reference Handler" daemon [_thread_blocked, id=7147, stack(0x00007fd8f57cd000,0x00007fd8f58ce000)]
  0x00007fd90000a800 JavaThread "main" [_thread_blocked, id=7117, stack(0x00007fd9090ba000,0x00007fd9091bb000)]

Other Threads:
=>0x00007fd9001c5800 VMThread [stack: 0x00007fd8f58ce000,0x00007fd8f59cf000] [id=7144]
  0x00007fd900209000 WatcherThread [stack: 0x00007fd8f4adc000,0x00007fd8f4bdd000] [id=7166]

VM state:at safepoint (normal execution)

VM Mutex/Monitor currently owned by a thread:  ([mutex/lock_event])
[0x00007fd900006880] Threads_lock - owner thread: 0x00007fd9001c5800
[0x00007fd900006d80] Heap_lock - owner thread: 0x00007fd90000a800

Heap
 PSYoungGen      total 66048K, used 2552K [0x00000000eaa80000, 0x00000000eed80000, 0x0000000100000000)
  eden space 63488K, 0% used [0x00000000eaa80000,0x00000000eaa80000,0x00000000ee880000)
  from space 2560K, 99% used [0x00000000ee880000,0x00000000eeafe020,0x00000000eeb00000)
  to   space 2560K, 0% used [0x00000000eeb00000,0x00000000eeb00000,0x00000000eed80000)
 ParOldGen       total 41472K, used 24692K [0x00000000c0000000, 0x00000000c2880000, 0x00000000eaa80000)
  object space 41472K, 59% used [0x00000000c0000000,0x00000000c181d1b8,0x00000000c2880000)
 PSPermGen       total 21504K, used 5645K [0x00000000b5a00000, 0x00000000b6f00000, 0x00000000c0000000)
  object space 21504K, 26% used [0x00000000b5a00000,0x00000000b5f835a8,0x00000000b6f00000)

Card table byte_map: [0x00007fd905ab8000,0x00007fd905d0c000] byte_map_base: 0x00007fd90550b000

Polling page: 0x00007fd9091e6000

Code Cache  [0x00007fd8fd000000, 0x00007fd8fd270000, 0x00007fd900000000)
 total_blobs=769 nmethods=540 adapters=180 free_code_cache=46877Kb largest_free_block=47962944

Compilation events (10 events):
Event: 10,703 Thread 0x00007fd9001f9000 nmethod 542 0x00007fd8fd235d50 code [0x00007fd8fd235fe0, 0x00007fd8fd237010]
Event: 10,704 Thread 0x00007fd9001f9000  543             java.util.ArrayList::<init> (44 bytes)
Event: 10,704 Thread 0x00007fd9001f9000 nmethod 543 0x00007fd8fd22e950 code [0x00007fd8fd22eaa0, 0x00007fd8fd22ebd8]
Event: 10,704 Thread 0x00007fd9001f9000  544             com.android.dx.cf.iface.StdMember::getAttributes (5 bytes)
Event: 10,705 Thread 0x00007fd9001f9000 nmethod 544 0x00007fd8fd22e750 code [0x00007fd8fd22e880, 0x00007fd8fd22e8d8]
Event: 10,705 Thread 0x00007fd9001f9000  545             com.android.dx.rop.code.BasicBlockList$RegCountVisitor::visitPlainCstInsn (6 bytes)
Event: 10,708 Thread 0x00007fd9001f9000 nmethod 545 0x00007fd8fd22ddd0 code [0x00007fd8fd22df40, 0x00007fd8fd22e218]
Event: 10,708 Thread 0x00007fd9001f9000  546             com.android.dx.ssa.SsaRenamer::<init> (100 bytes)
Event: 10,712 Thread 0x00007fd9001f9000 nmethod 546 0x00007fd8fd224810 code [0x00007fd8fd224980, 0x00007fd8fd224da8]
Event: 10,712 Thread 0x00007fd9001f9000  547   !         com.android.dx.cf.code.RopperMachine::run (1550 bytes)

GC Heap History (9 events):
Event: 6,809 GC heap before
{Heap before GC invocations=1 (full 0):
 PSYoungGen      total 18432K, used 15872K [0x00000000eaa80000, 0x00000000ebf00000, 0x0000000100000000)
  eden space 15872K, 100% used [0x00000000eaa80000,0x00000000eba00000,0x00000000eba00000)
  from space 2560K, 0% used [0x00000000ebc80000,0x00000000ebc80000,0x00000000ebf00000)
  to   space 2560K, 0% used [0x00000000eba00000,0x00000000eba00000,0x00000000ebc80000)
 ParOldGen       total 41472K, used 0K [0x00000000c0000000, 0x00000000c2880000, 0x00000000eaa80000)
  object space 41472K, 0% used [0x00000000c0000000,0x00000000c0000000,0x00000000c2880000)
 PSPermGen       total 21504K, used 5347K [0x00000000b5a00000, 0x00000000b6f00000, 0x00000000c0000000)
  object space 21504K, 24% used [0x00000000b5a00000,0x00000000b5f38ec0,0x00000000b6f00000)
Event: 7,138 GC heap after
Heap after GC invocations=1 (full 0):
 PSYoungGen      total 18432K, used 2535K [0x00000000eaa80000, 0x00000000ece80000, 0x0000000100000000)
  eden space 15872K, 0% used [0x00000000eaa80000,0x00000000eaa80000,0x00000000eba00000)
  from space 2560K, 99% used [0x00000000eba00000,0x00000000ebc79c88,0x00000000ebc80000)
  to   space 2560K, 0% used [0x00000000ecc00000,0x00000000ecc00000,0x00000000ece80000)
 ParOldGen       total 41472K, used 1493K [0x00000000c0000000, 0x00000000c2880000, 0x00000000eaa80000)
  object space 41472K, 3% used [0x00000000c0000000,0x00000000c0175658,0x00000000c2880000)
 PSPermGen       total 21504K, used 5347K [0x00000000b5a00000, 0x00000000b6f00000, 0x00000000c0000000)
  object space 21504K, 24% used [0x00000000b5a00000,0x00000000b5f38ec0,0x00000000b6f00000)
}
Event: 7,705 GC heap before
{Heap before GC invocations=2 (full 0):
 PSYoungGen      total 18432K, used 18407K [0x00000000eaa80000, 0x00000000ece80000, 0x0000000100000000)
  eden space 15872K, 100% used [0x00000000eaa80000,0x00000000eba00000,0x00000000eba00000)
  from space 2560K, 99% used [0x00000000eba00000,0x00000000ebc79c88,0x00000000ebc80000)
  to   space 2560K, 0% used [0x00000000ecc00000,0x00000000ecc00000,0x00000000ece80000)
 ParOldGen       total 41472K, used 1493K [0x00000000c0000000, 0x00000000c2880000, 0x00000000eaa80000)
  object space 41472K, 3% used [0x00000000c0000000,0x00000000c0175658,0x00000000c2880000)
 PSPermGen       total 21504K, used 5494K [0x00000000b5a00000, 0x00000000b6f00000, 0x00000000c0000000)
  object space 21504K, 25% used [0x00000000b5a00000,0x00000000b5f5db30,0x00000000b6f00000)
Event: 7,738 GC heap after
Heap after GC invocations=2 (full 0):
 PSYoungGen      total 34304K, used 2551K [0x00000000eaa80000, 0x00000000ece80000, 0x0000000100000000)
  eden space 31744K, 0% used [0x00000000eaa80000,0x00000000eaa80000,0x00000000ec980000)
  from space 2560K, 99% used [0x00000000ecc00000,0x00000000ece7dc88,0x00000000ece80000)
  to   space 2560K, 0% used [0x00000000ec980000,0x00000000ec980000,0x00000000ecc00000)
 ParOldGen       total 41472K, used 4096K [0x00000000c0000000, 0x00000000c2880000, 0x00000000eaa80000)
  object space 41472K, 9% used [0x00000000c0000000,0x00000000c0400360,0x00000000c2880000)
 PSPermGen       total 21504K, used 5494K [0x00000000b5a00000, 0x00000000b6f00000, 0x00000000c0000000)
  object space 21504K, 25% used [0x00000000b5a00000,0x00000000b5f5db30,0x00000000b6f00000)
}
Event: 8,402 GC heap before
{Heap before GC invocations=3 (full 0):
 PSYoungGen      total 34304K, used 34295K [0x00000000eaa80000, 0x00000000ece80000, 0x0000000100000000)
  eden space 31744K, 100% used [0x00000000eaa80000,0x00000000ec980000,0x00000000ec980000)
  from space 2560K, 99% used [0x00000000ecc00000,0x00000000ece7dc88,0x00000000ece80000)
  to   space 2560K, 0% used [0x00000000ec980000,0x00000000ec980000,0x00000000ecc00000)
 ParOldGen       total 41472K, used 4096K [0x00000000c0000000, 0x00000000c2880000, 0x00000000eaa80000)
  object space 41472K, 9% used [0x00000000c0000000,0x00000000c0400360,0x00000000c2880000)
 PSPermGen       total 21504K, used 5571K [0x00000000b5a00000, 0x00000000b6f00000, 0x00000000c0000000)
  object space 21504K, 25% used [0x00000000b5a00000,0x00000000b5f70d20,0x00000000b6f00000)
Event: 8,409 GC heap after
Heap after GC invocations=3 (full 0):
 PSYoungGen      total 34304K, used 2560K [0x00000000eaa80000, 0x00000000eed80000, 0x0000000100000000)
  eden space 31744K, 0% used [0x00000000eaa80000,0x00000000eaa80000,0x00000000ec980000)
  from space 2560K, 100% used [0x00000000ec980000,0x00000000ecc00000,0x00000000ecc00000)
  to   space 2560K, 0% used [0x00000000eeb00000,0x00000000eeb00000,0x00000000eed80000)
 ParOldGen       total 41472K, used 9351K [0x00000000c0000000, 0x00000000c2880000, 0x00000000eaa80000)
  object space 41472K, 22% used [0x00000000c0000000,0x00000000c0921e30,0x00000000c2880000)
 PSPermGen       total 21504K, used 5571K [0x00000000b5a00000, 0x00000000b6f00000, 0x00000000c0000000)
  object space 21504K, 25% used [0x00000000b5a00000,0x00000000b5f70d20,0x00000000b6f00000)
}
Event: 9,914 GC heap before
{Heap before GC invocations=4 (full 0):
 PSYoungGen      total 34304K, used 34304K [0x00000000eaa80000, 0x00000000eed80000, 0x0000000100000000)
  eden space 31744K, 100% used [0x00000000eaa80000,0x00000000ec980000,0x00000000ec980000)
  from space 2560K, 100% used [0x00000000ec980000,0x00000000ecc00000,0x00000000ecc00000)
  to   space 2560K, 0% used [0x00000000eeb00000,0x00000000eeb00000,0x00000000eed80000)
 ParOldGen       total 41472K, used 9351K [0x00000000c0000000, 0x00000000c2880000, 0x00000000eaa80000)
  object space 41472K, 22% used [0x00000000c0000000,0x00000000c0921e30,0x00000000c2880000)
 PSPermGen       total 21504K, used 5596K [0x00000000b5a00000, 0x00000000b6f00000, 0x00000000c0000000)
  object space 21504K, 26% used [0x00000000b5a00000,0x00000000b5f77370,0x00000000b6f00000)
Event: 9,921 GC heap after
Heap after GC invocations=4 (full 0):
 PSYoungGen      total 66048K, used 2547K [0x00000000eaa80000, 0x00000000eed80000, 0x0000000100000000)
  eden space 63488K, 0% used [0x00000000eaa80000,0x00000000eaa80000,0x00000000ee880000)
  from space 2560K, 99% used [0x00000000eeb00000,0x00000000eed7cda8,0x00000000eed80000)
  to   space 2560K, 0% used [0x00000000ee880000,0x00000000ee880000,0x00000000eeb00000)
 ParOldGen       total 41472K, used 14347K [0x00000000c0000000, 0x00000000c2880000, 0x00000000eaa80000)
  object space 41472K, 34% used [0x00000000c0000000,0x00000000c0e02e50,0x00000000c2880000)
 PSPermGen       total 21504K, used 5596K [0x00000000b5a00000, 0x00000000b6f00000, 0x00000000c0000000)
  object space 21504K, 26% used [0x00000000b5a00000,0x00000000b5f77370,0x00000000b6f00000)
}
Event: 10,754 GC heap before
{Heap before GC invocations=5 (full 0):
 PSYoungGen      total 66048K, used 66035K [0x00000000eaa80000, 0x00000000eed80000, 0x0000000100000000)
  eden space 63488K, 100% used [0x00000000eaa80000,0x00000000ee880000,0x00000000ee880000)
  from space 2560K, 99% used [0x00000000eeb00000,0x00000000eed7cda8,0x00000000eed80000)
  to   space 2560K, 0% used [0x00000000ee880000,0x00000000ee880000,0x00000000eeb00000)
 ParOldGen       total 41472K, used 14347K [0x00000000c0000000, 0x00000000c2880000, 0x00000000eaa80000)
  object space 41472K, 34% used [0x00000000c0000000,0x00000000c0e02e50,0x00000000c2880000)
 PSPermGen       total 21504K, used 5645K [0x00000000b5a00000, 0x00000000b6f00000, 0x00000000c0000000)
  object space 21504K, 26% used [0x00000000b5a00000,0x00000000b5f835a8,0x00000000b6f00000)

Deoptimization events (10 events):
Event: 10,114 Thread 0x00007fd90000a800 Uncommon trap: reason=class_check action=maybe_recompile pc=0x00007fd8fd0bb67c method=java.util.HashMap.put(Ljava/lang/Object;Ljava/lang/Object;)Ljava/lang/Object; @ 83
Event: 10,123 Thread 0x00007fd90000a800 Uncommon trap: reason=class_check action=maybe_recompile pc=0x00007fd8fd0bb67c method=java.util.HashMap.put(Ljava/lang/Object;Ljava/lang/Object;)Ljava/lang/Object; @ 83
Event: 10,124 Thread 0x00007fd90000a800 Uncommon trap: reason=null_check action=make_not_entrant pc=0x00007fd8fd1f4970 method=com.android.dx.dex.file.MethodIdsSection.intern(Lcom/android/dx/rop/cst/CstBaseMethodRef;)Lcom/android/dx/dex/file/MethodIdItem; @ 26
Event: 10,182 Thread 0x00007fd90000a800 Uncommon trap: reason=unloaded action=reinterpret pc=0x00007fd8fd1e87bc method=com.android.dx.cf.code.Ropper.addReturnBlock()V @ 45
Event: 10,182 Thread 0x00007fd90000a800 Uncommon trap: reason=unreached action=reinterpret pc=0x00007fd8fd11806c method=com.android.dx.ssa.MoveParamCombiner$1.visitNonMoveInsn(Lcom/android/dx/ssa/NormalSsaInsn;)V @ 27
Event: 10,194 Thread 0x00007fd90000a800 Uncommon trap: reason=bimorphic action=maybe_recompile pc=0x00007fd8fd209400 method=com.android.dx.cf.code.BytecodeArray.parseInstruction(ILcom/android/dx/cf/code/BytecodeArray$Visitor;)I @ 1357
Event: 10,195 Thread 0x00007fd90000a800 Uncommon trap: reason=bimorphic action=maybe_recompile pc=0x00007fd8fd209400 method=com.android.dx.cf.code.BytecodeArray.parseInstruction(ILcom/android/dx/cf/code/BytecodeArray$Visitor;)I @ 1357
Event: 10,200 Thread 0x00007fd90000a800 Uncommon trap: reason=bimorphic action=maybe_recompile pc=0x00007fd8fd209400 method=com.android.dx.cf.code.BytecodeArray.parseInstruction(ILcom/android/dx/cf/code/BytecodeArray$Visitor;)I @ 1357
Event: 10,250 Thread 0x00007fd90000a800 Uncommon trap: reason=null_check action=make_not_entrant pc=0x00007fd8fd21b0ec method=com.android.dx.dex.file.FieldIdsSection.intern(Lcom/android/dx/rop/cst/CstFieldRef;)Lcom/android/dx/dex/file/FieldIdItem; @ 26
Event: 10,606 Thread 0x00007fd90000a800 Uncommon trap: reason=class_check action=maybe_recompile pc=0x00007fd8fd0fbf60 method=com.android.dx.cf.code.Ropper.processBlock(Lcom/android/dx/cf/code/ByteBlock;Lcom/android/dx/cf/code/Frame;[I)V @ 777

Internal exceptions (10 events):
Event: 7,681 Thread 0x00007fd90000a800 Implicit null exception at 0x00007fd8fd0dad8f to 0x00007fd8fd0db4bd
Event: 7,902 Thread 0x00007fd90000a800 Threw 0x00000000eab7fb50 at /build/buildd/openjdk-7-7u71-2.5.3/build/openjdk/hotspot/src/share/vm/prims/jvm.cpp:1284
Event: 7,902 Thread 0x00007fd90000a800 Threw 0x00000000eab82970 at /build/buildd/openjdk-7-7u71-2.5.3/build/openjdk/hotspot/src/share/vm/prims/jvm.cpp:1284
Event: 7,924 Thread 0x00007fd90000a800 Threw 0x00000000ead54d00 at /build/buildd/openjdk-7-7u71-2.5.3/build/openjdk/hotspot/src/share/vm/prims/jvm.cpp:1284
Event: 7,953 Thread 0x00007fd90000a800 Threw 0x00000000ead5a3d0 at /build/buildd/openjdk-7-7u71-2.5.3/build/openjdk/hotspot/src/share/vm/prims/jvm.cpp:1284
Event: 7,953 Thread 0x00007fd90000a800 Threw 0x00000000ead5f6f8 at /build/buildd/openjdk-7-7u71-2.5.3/build/openjdk/hotspot/src/share/vm/prims/jvm.cpp:1284
Event: 8,067 Thread 0x00007fd90000a800 Implicit null exception at 0x00007fd8fd088707 to 0x00007fd8fd089179
Event: 8,351 Thread 0x00007fd90000a800 Threw 0x00000000ec680bd0 at /build/buildd/openjdk-7-7u71-2.5.3/build/openjdk/hotspot/src/share/vm/prims/jvm.cpp:1284
Event: 9,655 Thread 0x00007fd90000a800 Implicit null exception at 0x00007fd8fd1bd4e0 to 0x00007fd8fd1bdf0d
Event: 9,666 Thread 0x00007fd90000a800 Threw 0x00000000eb1d4988 at /build/buildd/openjdk-7-7u71-2.5.3/build/openjdk/hotspot/src/share/vm/prims/jvm.cpp:1284

Events (10 events):
Event: 10,200 Thread 0x00007fd90000a800 Uncommon trap: trap_request=0xffffffc6 fr.pc=0x00007fd8fd209400
Event: 10,200 Thread 0x00007fd90000a800 DEOPT PACKING pc=0x00007fd8fd209400 sp=0x00007fd9091b8d20
Event: 10,200 Thread 0x00007fd90000a800 DEOPT UNPACKING pc=0x00007fd8fd039445 sp=0x00007fd9091b8cd0 mode 2
Event: 10,250 Thread 0x00007fd90000a800 Uncommon trap: trap_request=0xfffffff4 fr.pc=0x00007fd8fd21b0ec
Event: 10,250 Thread 0x00007fd90000a800 DEOPT PACKING pc=0x00007fd8fd21b0ec sp=0x00007fd9091b9270
Event: 10,250 Thread 0x00007fd90000a800 DEOPT UNPACKING pc=0x00007fd8fd039445 sp=0x00007fd9091b91c0 mode 2
Event: 10,606 Thread 0x00007fd90000a800 Uncommon trap: trap_request=0xffffffde fr.pc=0x00007fd8fd0fbf60
Event: 10,606 Thread 0x00007fd90000a800 DEOPT PACKING pc=0x00007fd8fd0fbf60 sp=0x00007fd9091b8fa0
Event: 10,606 Thread 0x00007fd90000a800 DEOPT UNPACKING pc=0x00007fd8fd039445 sp=0x00007fd9091b8f38 mode 2
Event: 10,754 Executing VM operation: ParallelGCFailedAllocation


Dynamic libraries:
00400000-00401000 r-xp 00000000 08:08 1453089                            /usr/lib/jvm/java-7-openjdk-amd64/jre/bin/java
00600000-00601000 r--p 00000000 08:08 1453089                            /usr/lib/jvm/java-7-openjdk-amd64/jre/bin/java
00601000-00602000 rw-p 00001000 08:08 1453089                            /usr/lib/jvm/java-7-openjdk-amd64/jre/bin/java
00a5c000-00a7d000 rw-p 00000000 00:00 0                                  [heap]
b5a00000-b6f00000 rw-p 00000000 00:00 0 
b6f00000-c0000000 rw-p 00000000 00:00 0 
c0000000-c2880000 rw-p 00000000 00:00 0 
c2880000-eaa80000 rw-p 00000000 00:00 0 
eaa80000-eed80000 rw-p 00000000 00:00 0 
f4080000-100000000 rw-p 00000000 00:00 0 
7fd8a8000000-7fd8a8021000 rw-p 00000000 00:00 0 
7fd8a8021000-7fd8ac000000 ---p 00000000 00:00 0 
7fd8ac000000-7fd8ac021000 rw-p 00000000 00:00 0 
7fd8ac021000-7fd8b0000000 ---p 00000000 00:00 0 
7fd8b0000000-7fd8b108c000 rw-p 00000000 00:00 0 
7fd8b108c000-7fd8b4000000 ---p 00000000 00:00 0 
7fd8b4000000-7fd8b4e87000 rw-p 00000000 00:00 0 
7fd8b4e87000-7fd8b8000000 ---p 00000000 00:00 0 
7fd8b8000000-7fd8b8021000 rw-p 00000000 00:00 0 
7fd8b8021000-7fd8bc000000 ---p 00000000 00:00 0 
7fd8bc000000-7fd8bc021000 rw-p 00000000 00:00 0 
7fd8bc021000-7fd8c0000000 ---p 00000000 00:00 0 
7fd8c0000000-7fd8c0243000 rw-p 00000000 00:00 0 
7fd8c0243000-7fd8c4000000 ---p 00000000 00:00 0 
7fd8c4000000-7fd8c4021000 rw-p 00000000 00:00 0 
7fd8c4021000-7fd8c8000000 ---p 00000000 00:00 0 
7fd8c8000000-7fd8c8021000 rw-p 00000000 00:00 0 
7fd8c8021000-7fd8cc000000 ---p 00000000 00:00 0 
7fd8d0000000-7fd8d0021000 rw-p 00000000 00:00 0 
7fd8d0021000-7fd8d4000000 ---p 00000000 00:00 0 
7fd8d8000000-7fd8d8021000 rw-p 00000000 00:00 0 
7fd8d8021000-7fd8dc000000 ---p 00000000 00:00 0 
7fd8e0000000-7fd8e0021000 rw-p 00000000 00:00 0 
7fd8e0021000-7fd8e4000000 ---p 00000000 00:00 0 
7fd8e4000000-7fd8e4021000 rw-p 00000000 00:00 0 
7fd8e4021000-7fd8e8000000 ---p 00000000 00:00 0 
7fd8e8000000-7fd8e8021000 rw-p 00000000 00:00 0 
7fd8e8021000-7fd8ec000000 ---p 00000000 00:00 0 
7fd8ef270000-7fd8ef2ad000 r-xp 00000000 08:08 527703                     /lib/x86_64-linux-gnu/libpcre.so.3.13.1
7fd8ef2ad000-7fd8ef4ac000 ---p 0003d000 08:08 527703                     /lib/x86_64-linux-gnu/libpcre.so.3.13.1
7fd8ef4ac000-7fd8ef4ad000 r--p 0003c000 08:08 527703                     /lib/x86_64-linux-gnu/libpcre.so.3.13.1
7fd8ef4ad000-7fd8ef4ae000 rw-p 0003d000 08:08 527703                     /lib/x86_64-linux-gnu/libpcre.so.3.13.1
7fd8ef4ae000-7fd8ef4b5000 r-xp 00000000 08:08 1449455                    /usr/lib/x86_64-linux-gnu/libffi.so.6.0.1
7fd8ef4b5000-7fd8ef6b4000 ---p 00007000 08:08 1449455                    /usr/lib/x86_64-linux-gnu/libffi.so.6.0.1
7fd8ef6b4000-7fd8ef6b5000 r--p 00006000 08:08 1449455                    /usr/lib/x86_64-linux-gnu/libffi.so.6.0.1
7fd8ef6b5000-7fd8ef6b6000 rw-p 00007000 08:08 1449455                    /usr/lib/x86_64-linux-gnu/libffi.so.6.0.1
7fd8ef6b6000-7fd8ef6cd000 r-xp 00000000 08:08 529193                     /lib/x86_64-linux-gnu/libresolv-2.19.so
7fd8ef6cd000-7fd8ef8cd000 ---p 00017000 08:08 529193                     /lib/x86_64-linux-gnu/libresolv-2.19.so
7fd8ef8cd000-7fd8ef8ce000 r--p 00017000 08:08 529193                     /lib/x86_64-linux-gnu/libresolv-2.19.so
7fd8ef8ce000-7fd8ef8cf000 rw-p 00018000 08:08 529193                     /lib/x86_64-linux-gnu/libresolv-2.19.so
7fd8ef8cf000-7fd8ef8d1000 rw-p 00000000 00:00 0 
7fd8ef8d1000-7fd8ef8f1000 r-xp 00000000 08:08 527591                     /lib/x86_64-linux-gnu/libselinux.so.1
7fd8ef8f1000-7fd8efaf0000 ---p 00020000 08:08 527591                     /lib/x86_64-linux-gnu/libselinux.so.1
7fd8efaf0000-7fd8efaf1000 r--p 0001f000 08:08 527591                     /lib/x86_64-linux-gnu/libselinux.so.1
7fd8efaf1000-7fd8efaf2000 rw-p 00020000 08:08 527591                     /lib/x86_64-linux-gnu/libselinux.so.1
7fd8efaf2000-7fd8efaf4000 rw-p 00000000 00:00 0 
7fd8efaf4000-7fd8efaf7000 r-xp 00000000 08:08 1441678                    /usr/lib/x86_64-linux-gnu/libgmodule-2.0.so.0.4002.0
7fd8efaf7000-7fd8efcf6000 ---p 00003000 08:08 1441678                    /usr/lib/x86_64-linux-gnu/libgmodule-2.0.so.0.4002.0
7fd8efcf6000-7fd8efcf7000 r--p 00002000 08:08 1441678                    /usr/lib/x86_64-linux-gnu/libgmodule-2.0.so.0.4002.0
7fd8efcf7000-7fd8efcf8000 rw-p 00003000 08:08 1441678                    /usr/lib/x86_64-linux-gnu/libgmodule-2.0.so.0.4002.0
7fd8efcf8000-7fd8efdfe000 r-xp 00000000 08:08 525098                     /lib/x86_64-linux-gnu/libglib-2.0.so.0.4002.0
7fd8efdfe000-7fd8efffd000 ---p 00106000 08:08 525098                     /lib/x86_64-linux-gnu/libglib-2.0.so.0.4002.0
7fd8efffd000-7fd8efffe000 r--p 00105000 08:08 525098                     /lib/x86_64-linux-gnu/libglib-2.0.so.0.4002.0
7fd8efffe000-7fd8effff000 rw-p 00106000 08:08 525098                     /lib/x86_64-linux-gnu/libglib-2.0.so.0.4002.0
7fd8effff000-7fd8f0000000 rw-p 00000000 00:00 0 
7fd8f0000000-7fd8f0021000 rw-p 00000000 00:00 0 
7fd8f0021000-7fd8f4000000 ---p 00000000 00:00 0 
7fd8f40ee000-7fd8f413d000 r-xp 00000000 08:08 1441680                    /usr/lib/x86_64-linux-gnu/libgobject-2.0.so.0.4002.0
7fd8f413d000-7fd8f433d000 ---p 0004f000 08:08 1441680                    /usr/lib/x86_64-linux-gnu/libgobject-2.0.so.0.4002.0
7fd8f433d000-7fd8f433e000 r--p 0004f000 08:08 1441680                    /usr/lib/x86_64-linux-gnu/libgobject-2.0.so.0.4002.0
7fd8f433e000-7fd8f433f000 rw-p 00050000 08:08 1441680                    /usr/lib/x86_64-linux-gnu/libgobject-2.0.so.0.4002.0
7fd8f433f000-7fd8f44ab000 r-xp 00000000 08:08 1441682                    /usr/lib/x86_64-linux-gnu/libgio-2.0.so.0.4002.0
7fd8f44ab000-7fd8f46aa000 ---p 0016c000 08:08 1441682                    /usr/lib/x86_64-linux-gnu/libgio-2.0.so.0.4002.0
7fd8f46aa000-7fd8f46ae000 r--p 0016b000 08:08 1441682                    /usr/lib/x86_64-linux-gnu/libgio-2.0.so.0.4002.0
7fd8f46ae000-7fd8f46b0000 rw-p 0016f000 08:08 1441682                    /usr/lib/x86_64-linux-gnu/libgio-2.0.so.0.4002.0
7fd8f46b0000-7fd8f46b2000 rw-p 00000000 00:00 0 
7fd8f46b2000-7fd8f46c9000 r-xp 00000000 08:08 1715895                    /usr/lib/jvm/java-7-openjdk-amd64/jre/lib/amd64/libnet.so
7fd8f46c9000-7fd8f48c8000 ---p 00017000 08:08 1715895                    /usr/lib/jvm/java-7-openjdk-amd64/jre/lib/amd64/libnet.so
7fd8f48c8000-7fd8f48c9000 r--p 00016000 08:08 1715895                    /usr/lib/jvm/java-7-openjdk-amd64/jre/lib/amd64/libnet.so
7fd8f48c9000-7fd8f48ca000 rw-p 00017000 08:08 1715895                    /usr/lib/jvm/java-7-openjdk-amd64/jre/lib/amd64/libnet.so
7fd8f48ca000-7fd8f48da000 r-xp 00000000 08:08 1715969                    /usr/lib/jvm/java-7-openjdk-amd64/jre/lib/amd64/libnio.so
7fd8f48da000-7fd8f4ada000 ---p 00010000 08:08 1715969                    /usr/lib/jvm/java-7-openjdk-amd64/jre/lib/amd64/libnio.so
7fd8f4ada000-7fd8f4adb000 r--p 00010000 08:08 1715969                    /usr/lib/jvm/java-7-openjdk-amd64/jre/lib/amd64/libnio.so
7fd8f4adb000-7fd8f4adc000 rw-p 00011000 08:08 1715969                    /usr/lib/jvm/java-7-openjdk-amd64/jre/lib/amd64/libnio.so
7fd8f4adc000-7fd8f4add000 ---p 00000000 00:00 0 
7fd8f4add000-7fd8f4bdd000 rw-p 00000000 00:00 0                          [stack:7166]
7fd8f4bdd000-7fd8f4be0000 ---p 00000000 00:00 0 
7fd8f4be0000-7fd8f4cde000 rw-p 00000000 00:00 0                          [stack:7165]
7fd8f4cde000-7fd8f4ce1000 ---p 00000000 00:00 0 
7fd8f4ce1000-7fd8f4ddf000 rw-p 00000000 00:00 0                          [stack:7160]
7fd8f4ddf000-7fd8f4de2000 ---p 00000000 00:00 0 
7fd8f4de2000-7fd8f4ee0000 rw-p 00000000 00:00 0                          [stack:7155]
7fd8f4ee0000-7fd8f4ee3000 ---p 00000000 00:00 0 
7fd8f4ee3000-7fd8f4fe1000 rw-p 00000000 00:00 0                          [stack:7153]
7fd8f4fe1000-7fd8f56cc000 r--p 00000000 08:08 1447220                    /usr/lib/locale/locale-archive
7fd8f56cc000-7fd8f56cf000 ---p 00000000 00:00 0 
7fd8f56cf000-7fd8f57cd000 rw-p 00000000 00:00 0                          [stack:7150]
7fd8f57cd000-7fd8f57d0000 ---p 00000000 00:00 0 
7fd8f57d0000-7fd8f58ce000 rw-p 00000000 00:00 0                          [stack:7147]
7fd8f58ce000-7fd8f58cf000 ---p 00000000 00:00 0 
7fd8f58cf000-7fd8f8000000 rw-p 00000000 00:00 0                          [stack:7144]
7fd8f8000000-7fd8f8021000 rw-p 00000000 00:00 0 
7fd8f8021000-7fd8fc000000 ---p 00000000 00:00 0 
7fd8fc0f1000-7fd8fd000000 rw-p 00000000 00:00 0 
7fd8fd000000-7fd8fd270000 rwxp 00000000 00:00 0 
7fd8fd270000-7fd900360000 rw-p 00000000 00:00 0 
7fd900360000-7fd904000000 ---p 00000000 00:00 0 
7fd904095000-7fd90409c000 r--s 00000000 08:08 1717879                    /usr/lib/x86_64-linux-gnu/gconv/gconv-modules.cache
7fd90409c000-7fd9040c2000 r--p 00000000 08:08 1711936                    /usr/share/locale-langpack/es/LC_MESSAGES/libc.mo
7fd9040c2000-7fd9040d0000 r--s 0008e000 00:1a 1192457                    /home/javierlight/AndroidStudioProjects/ExpoAltabix2014/app/build/intermediates/exploded-aar/com.android.support/support-v4/20.0.0/classes.jar
7fd9040d0000-7fd9040de000 r--s 000b4000 00:1a 1446609                    /home/javierlight/android-studio/sdk/build-tools/android-4.4W/lib/dx.jar
7fd9040de000-7fd904c32000 rw-p 00000000 00:00 0 
7fd904c32000-7fd904de3000 r--s 01d25000 08:08 1453058                    /usr/lib/jvm/java-7-openjdk-amd64/jre/lib/rt.jar
7fd904de3000-7fd905107000 rw-p 00000000 00:00 0 
7fd905107000-7fd905108000 ---p 00000000 00:00 0 
7fd905108000-7fd905208000 rw-p 00000000 00:00 0                          [stack:7139]
7fd905208000-7fd905209000 ---p 00000000 00:00 0 
7fd905209000-7fd905309000 rw-p 00000000 00:00 0                          [stack:7138]
7fd905309000-7fd90530a000 ---p 00000000 00:00 0 
7fd90530a000-7fd90540a000 rw-p 00000000 00:00 0                          [stack:7133]
7fd90540a000-7fd90540b000 ---p 00000000 00:00 0 
7fd90540b000-7fd90550b000 rw-p 00000000 00:00 0                          [stack:7129]
7fd90550b000-7fd90550c000 ---p 00000000 00:00 0 
7fd90550c000-7fd90560c000 rw-p 00000000 00:00 0                          [stack:7127]
7fd90560c000-7fd90560d000 ---p 00000000 00:00 0 
7fd90560d000-7fd90570d000 rw-p 00000000 00:00 0                          [stack:7123]
7fd90570d000-7fd90570e000 ---p 00000000 00:00 0 
7fd90570e000-7fd90580e000 rw-p 00000000 00:00 0                          [stack:7121]
7fd90580e000-7fd90580f000 ---p 00000000 00:00 0 
7fd90580f000-7fd90591a000 rw-p 00000000 00:00 0                          [stack:7120]
7fd90591a000-7fd905962000 rw-p 00000000 00:00 0 
7fd905962000-7fd905977000 rw-p 00000000 00:00 0 
7fd905977000-7fd905ab8000 rw-p 00000000 00:00 0 
7fd905ab8000-7fd905ac3000 rw-p 00000000 00:00 0 
7fd905ac3000-7fd905b0b000 rw-p 00000000 00:00 0 
7fd905b0b000-7fd905b20000 rw-p 00000000 00:00 0 
7fd905b20000-7fd905c60000 rw-p 00000000 00:00 0 
7fd905c60000-7fd905c82000 rw-p 00000000 00:00 0 
7fd905c82000-7fd905d0b000 rw-p 00000000 00:00 0 
7fd905d0b000-7fd905d0c000 rw-p 00000000 00:00 0 
7fd905d0c000-7fd905d14000 r-xp 00000000 08:08 1706363                    /usr/lib/jvm/java-7-openjdk-amd64/jre/lib/amd64/libzip.so
7fd905d14000-7fd905f13000 ---p 00008000 08:08 1706363                    /usr/lib/jvm/java-7-openjdk-amd64/jre/lib/amd64/libzip.so
7fd905f13000-7fd905f14000 r--p 00007000 08:08 1706363                    /usr/lib/jvm/java-7-openjdk-amd64/jre/lib/amd64/libzip.so
7fd905f14000-7fd905f15000 rw-p 00008000 08:08 1706363                    /usr/lib/jvm/java-7-openjdk-amd64/jre/lib/amd64/libzip.so
7fd905f15000-7fd905f20000 r-xp 00000000 08:08 538033                     /lib/x86_64-linux-gnu/libnss_files-2.19.so
7fd905f20000-7fd90611f000 ---p 0000b000 08:08 538033                     /lib/x86_64-linux-gnu/libnss_files-2.19.so
7fd90611f000-7fd906120000 r--p 0000a000 08:08 538033                     /lib/x86_64-linux-gnu/libnss_files-2.19.so
7fd906120000-7fd906121000 rw-p 0000b000 08:08 538033                     /lib/x86_64-linux-gnu/libnss_files-2.19.so
7fd906121000-7fd90612c000 r-xp 00000000 08:08 538034                     /lib/x86_64-linux-gnu/libnss_nis-2.19.so
7fd90612c000-7fd90632b000 ---p 0000b000 08:08 538034                     /lib/x86_64-linux-gnu/libnss_nis-2.19.so
7fd90632b000-7fd90632c000 r--p 0000a000 08:08 538034                     /lib/x86_64-linux-gnu/libnss_nis-2.19.so
7fd90632c000-7fd90632d000 rw-p 0000b000 08:08 538034                     /lib/x86_64-linux-gnu/libnss_nis-2.19.so
7fd90632d000-7fd906344000 r-xp 00000000 08:08 529238                     /lib/x86_64-linux-gnu/libnsl-2.19.so
7fd906344000-7fd906543000 ---p 00017000 08:08 529238                     /lib/x86_64-linux-gnu/libnsl-2.19.so
7fd906543000-7fd906544000 r--p 00016000 08:08 529238                     /lib/x86_64-linux-gnu/libnsl-2.19.so
7fd906544000-7fd906545000 rw-p 00017000 08:08 529238                     /lib/x86_64-linux-gnu/libnsl-2.19.so
7fd906545000-7fd906547000 rw-p 00000000 00:00 0 
7fd906547000-7fd906550000 r-xp 00000000 08:08 529127                     /lib/x86_64-linux-gnu/libnss_compat-2.19.so
7fd906550000-7fd90674f000 ---p 00009000 08:08 529127                     /lib/x86_64-linux-gnu/libnss_compat-2.19.so
7fd90674f000-7fd906750000 r--p 00008000 08:08 529127                     /lib/x86_64-linux-gnu/libnss_compat-2.19.so
7fd906750000-7fd906751000 rw-p 00009000 08:08 529127                     /lib/x86_64-linux-gnu/libnss_compat-2.19.so
7fd906751000-7fd90677c000 r-xp 00000000 08:08 1715570                    /usr/lib/jvm/java-7-openjdk-amd64/jre/lib/amd64/libjava.so
7fd90677c000-7fd90697b000 ---p 0002b000 08:08 1715570                    /usr/lib/jvm/java-7-openjdk-amd64/jre/lib/amd64/libjava.so
7fd90697b000-7fd90697c000 r--p 0002a000 08:08 1715570                    /usr/lib/jvm/java-7-openjdk-amd64/jre/lib/amd64/libjava.so
7fd90697c000-7fd90697e000 rw-p 0002b000 08:08 1715570                    /usr/lib/jvm/java-7-openjdk-amd64/jre/lib/amd64/libjava.so
7fd90697e000-7fd90698e000 r-xp 00000000 08:08 1715968                    /usr/lib/jvm/java-7-openjdk-amd64/jre/lib/amd64/libverify.so
7fd90698e000-7fd906b8d000 ---p 00010000 08:08 1715968                    /usr/lib/jvm/java-7-openjdk-amd64/jre/lib/amd64/libverify.so
7fd906b8d000-7fd906b8f000 r--p 0000f000 08:08 1715968                    /usr/lib/jvm/java-7-openjdk-amd64/jre/lib/amd64/libverify.so
7fd906b8f000-7fd906b90000 rw-p 00011000 08:08 1715968                    /usr/lib/jvm/java-7-openjdk-amd64/jre/lib/amd64/libverify.so
7fd906b90000-7fd906b97000 r-xp 00000000 08:08 529275                     /lib/x86_64-linux-gnu/librt-2.19.so
7fd906b97000-7fd906d96000 ---p 00007000 08:08 529275                     /lib/x86_64-linux-gnu/librt-2.19.so
7fd906d96000-7fd906d97000 r--p 00006000 08:08 529275                     /lib/x86_64-linux-gnu/librt-2.19.so
7fd906d97000-7fd906d98000 rw-p 00007000 08:08 529275                     /lib/x86_64-linux-gnu/librt-2.19.so
7fd906d98000-7fd906dae000 r-xp 00000000 08:08 525904                     /lib/x86_64-linux-gnu/libgcc_s.so.1
7fd906dae000-7fd906fad000 ---p 00016000 08:08 525904                     /lib/x86_64-linux-gnu/libgcc_s.so.1
7fd906fad000-7fd906fae000 rw-p 00015000 08:08 525904                     /lib/x86_64-linux-gnu/libgcc_s.so.1
7fd906fae000-7fd9070b3000 r-xp 00000000 08:08 529532                     /lib/x86_64-linux-gnu/libm-2.19.so
7fd9070b3000-7fd9072b2000 ---p 00105000 08:08 529532                     /lib/x86_64-linux-gnu/libm-2.19.so
7fd9072b2000-7fd9072b3000 r--p 00104000 08:08 529532                     /lib/x86_64-linux-gnu/libm-2.19.so
7fd9072b3000-7fd9072b4000 rw-p 00105000 08:08 529532                     /lib/x86_64-linux-gnu/libm-2.19.so
7fd9072b4000-7fd90739a000 r-xp 00000000 08:08 1450083                    /usr/lib/x86_64-linux-gnu/libstdc++.so.6.0.19
7fd90739a000-7fd907599000 ---p 000e6000 08:08 1450083                    /usr/lib/x86_64-linux-gnu/libstdc++.so.6.0.19
7fd907599000-7fd9075a1000 r--p 000e5000 08:08 1450083                    /usr/lib/x86_64-linux-gnu/libstdc++.so.6.0.19
7fd9075a1000-7fd9075a3000 rw-p 000ed000 08:08 1450083                    /usr/lib/x86_64-linux-gnu/libstdc++.so.6.0.19
7fd9075a3000-7fd9075b8000 rw-p 00000000 00:00 0 
7fd9075b8000-7fd9080ce000 r-xp 00000000 08:08 1715997                    /usr/lib/jvm/java-7-openjdk-amd64/jre/lib/amd64/server/libjvm.so
7fd9080ce000-7fd9082cd000 ---p 00b16000 08:08 1715997                    /usr/lib/jvm/java-7-openjdk-amd64/jre/lib/amd64/server/libjvm.so
7fd9082cd000-7fd908367000 r--p 00b15000 08:08 1715997                    /usr/lib/jvm/java-7-openjdk-amd64/jre/lib/amd64/server/libjvm.so
7fd908367000-7fd90838a000 rw-p 00baf000 08:08 1715997                    /usr/lib/jvm/java-7-openjdk-amd64/jre/lib/amd64/server/libjvm.so
7fd90838a000-7fd9083b8000 rw-p 00000000 00:00 0 
7fd9083b8000-7fd9083d0000 r-xp 00000000 08:08 527763                     /lib/x86_64-linux-gnu/libz.so.1.2.8
7fd9083d0000-7fd9085cf000 ---p 00018000 08:08 527763                     /lib/x86_64-linux-gnu/libz.so.1.2.8
7fd9085cf000-7fd9085d0000 r--p 00017000 08:08 527763                     /lib/x86_64-linux-gnu/libz.so.1.2.8
7fd9085d0000-7fd9085d1000 rw-p 00018000 08:08 527763                     /lib/x86_64-linux-gnu/libz.so.1.2.8
7fd9085d1000-7fd9085ea000 r-xp 00000000 08:08 538039                     /lib/x86_64-linux-gnu/libpthread-2.19.so
7fd9085ea000-7fd9087e9000 ---p 00019000 08:08 538039                     /lib/x86_64-linux-gnu/libpthread-2.19.so
7fd9087e9000-7fd9087ea000 r--p 00018000 08:08 538039                     /lib/x86_64-linux-gnu/libpthread-2.19.so
7fd9087ea000-7fd9087eb000 rw-p 00019000 08:08 538039                     /lib/x86_64-linux-gnu/libpthread-2.19.so
7fd9087eb000-7fd9087ef000 rw-p 00000000 00:00 0 
7fd9087ef000-7fd9087f2000 r-xp 00000000 08:08 538038                     /lib/x86_64-linux-gnu/libdl-2.19.so
7fd9087f2000-7fd9089f1000 ---p 00003000 08:08 538038                     /lib/x86_64-linux-gnu/libdl-2.19.so
7fd9089f1000-7fd9089f2000 r--p 00002000 08:08 538038                     /lib/x86_64-linux-gnu/libdl-2.19.so
7fd9089f2000-7fd9089f3000 rw-p 00003000 08:08 538038                     /lib/x86_64-linux-gnu/libdl-2.19.so
7fd9089f3000-7fd908bae000 r-xp 00000000 08:08 529401                     /lib/x86_64-linux-gnu/libc-2.19.so
7fd908bae000-7fd908dae000 ---p 001bb000 08:08 529401                     /lib/x86_64-linux-gnu/libc-2.19.so
7fd908dae000-7fd908db2000 r--p 001bb000 08:08 529401                     /lib/x86_64-linux-gnu/libc-2.19.so
7fd908db2000-7fd908db4000 rw-p 001bf000 08:08 529401                     /lib/x86_64-linux-gnu/libc-2.19.so
7fd908db4000-7fd908db9000 rw-p 00000000 00:00 0 
7fd908db9000-7fd908dc6000 r-xp 00000000 08:08 1715563                    /usr/lib/jvm/java-7-openjdk-amd64/jre/lib/amd64/jli/libjli.so
7fd908dc6000-7fd908fc5000 ---p 0000d000 08:08 1715563                    /usr/lib/jvm/java-7-openjdk-amd64/jre/lib/amd64/jli/libjli.so
7fd908fc5000-7fd908fc6000 r--p 0000c000 08:08 1715563                    /usr/lib/jvm/java-7-openjdk-amd64/jre/lib/amd64/jli/libjli.so
7fd908fc6000-7fd908fc7000 rw-p 0000d000 08:08 1715563                    /usr/lib/jvm/java-7-openjdk-amd64/jre/lib/amd64/jli/libjli.so
7fd908fc7000-7fd908fea000 r-xp 00000000 08:08 529530                     /lib/x86_64-linux-gnu/ld-2.19.so
7fd908fea000-7fd908feb000 rw-p 00000000 00:00 0 
7fd908feb000-7fd908fed000 r--s 00006000 08:08 1715790                    /usr/share/java/java-atk-wrapper.jar
7fd908fed000-7fd908ff1000 r--s 00085000 08:08 1449677                    /usr/lib/jvm/java-7-openjdk-amd64/jre/lib/ext/localedata.jar
7fd908ff1000-7fd908ff3000 r--s 00012000 08:08 1449673                    /usr/lib/jvm/java-7-openjdk-amd64/jre/lib/ext/zipfs.jar
7fd908ff3000-7fd908ff7000 r--s 00034000 08:08 1450395                    /usr/lib/jvm/java-7-openjdk-amd64/jre/lib/ext/sunjce_provider.jar
7fd908ff7000-7fd908ffa000 r--s 0000f000 08:08 1449672                    /usr/lib/jvm/java-7-openjdk-amd64/jre/lib/ext/icedtea-sound.jar
7fd908ffa000-7fd909004000 rw-p 00000000 00:00 0 
7fd909004000-7fd9090ba000 rw-p 00000000 00:00 0 
7fd9090ba000-7fd9090bd000 ---p 00000000 00:00 0 
7fd9090bd000-7fd9091c0000 rw-p 00000000 00:00 0                          [stack:7117]
7fd9091c0000-7fd9091c1000 r--s 00002000 08:08 1453056                    /usr/lib/jvm/java-7-openjdk-amd64/jre/lib/ext/dnsns.jar
7fd9091c1000-7fd9091c5000 r--s 0003c000 08:08 1449676                    /usr/lib/jvm/java-7-openjdk-amd64/jre/lib/ext/sunpkcs11.jar
7fd9091c5000-7fd9091dd000 rw-p 00000000 00:00 0 
7fd9091dd000-7fd9091e5000 rw-s 00000000 08:08 665247                     /tmp/hsperfdata_javierlight/7097
7fd9091e5000-7fd9091e6000 rw-p 00000000 00:00 0 
7fd9091e6000-7fd9091e7000 ---p 00000000 00:00 0 
7fd9091e7000-7fd9091e9000 rw-p 00000000 00:00 0 
7fd9091e9000-7fd9091ea000 r--p 00022000 08:08 529530                     /lib/x86_64-linux-gnu/ld-2.19.so
7fd9091ea000-7fd9091eb000 rw-p 00023000 08:08 529530                     /lib/x86_64-linux-gnu/ld-2.19.so
7fd9091eb000-7fd9091ec000 rw-p 00000000 00:00 0 
7fff8c10b000-7fff8c12c000 rw-p 00000000 00:00 0                          [stack]
7fff8c186000-7fff8c188000 r-xp 00000000 00:00 0                          [vdso]
ffffffffff600000-ffffffffff601000 r-xp 00000000 00:00 0                  [vsyscall]

VM Arguments:
jvm_args: -Xmx1024M 
java_command: /home/javierlight/android-studio/sdk/build-tools/android-4.4W/lib/dx.jar --dex --output /home/javierlight/AndroidStudioProjects/ExpoAltabix2014/app/build/intermediates/pre-dexed/debug/classes-dd858b60307f8a6325085bcc80b25dc585eacbf7.jar /home/javierlight/AndroidStudioProjects/ExpoAltabix2014/app/build/intermediates/exploded-aar/com.android.support/support-v4/20.0.0/classes.jar
Launcher Type: SUN_STANDARD

Environment Variables:
CLASSPATH=/home/javierlight/android-studio/bin/../lib/bootstrap.jar:/home/javierlight/android-studio/bin/../lib/extensions.jar:/home/javierlight/android-studio/bin/../lib/util.jar:/home/javierlight/android-studio/bin/../lib/jdom.jar:/home/javierlight/android-studio/bin/../lib/log4j.jar:/home/javierlight/android-studio/bin/../lib/trove4j.jar:/home/javierlight/android-studio/bin/../lib/jna.jar:/usr/lib/jvm/java-7-openjdk-amd64/lib/tools.jar
PATH=/usr/local/sbin:/usr/local/bin:/usr/sbin:/usr/bin:/sbin:/bin:/usr/games:/usr/local/games
LD_LIBRARY_PATH=/home/javierlight/android-studio/bin:
SHELL=/bin/bash
DISPLAY=:0

Signal Handlers:
SIGSEGV: [libjvm.so+0x9495e0], sa_mask[0]=0x7ffbfeff, sa_flags=0x10000004
SIGBUS: [libjvm.so+0x9495e0], sa_mask[0]=0x7ffbfeff, sa_flags=0x10000004
SIGFPE: [libjvm.so+0x7c3410], sa_mask[0]=0x7ffbfeff, sa_flags=0x10000004
SIGPIPE: [libjvm.so+0x7c3410], sa_mask[0]=0x7ffbfeff, sa_flags=0x10000004
SIGXFSZ: [libjvm.so+0x7c3410], sa_mask[0]=0x7ffbfeff, sa_flags=0x10000004
SIGILL: [libjvm.so+0x7c3410], sa_mask[0]=0x7ffbfeff, sa_flags=0x10000004
SIGUSR1: SIG_DFL, sa_mask[0]=0x00000000, sa_flags=0x00000000
SIGUSR2: [libjvm.so+0x7c32b0], sa_mask[0]=0x00000004, sa_flags=0x10000004
SIGHUP: [libjvm.so+0x7c3490], sa_mask[0]=0x7ffbfeff, sa_flags=0x10000004
SIGINT: [libjvm.so+0x7c3490], sa_mask[0]=0x7ffbfeff, sa_flags=0x10000004
SIGTERM: [libjvm.so+0x7c3490], sa_mask[0]=0x7ffbfeff, sa_flags=0x10000004
SIGQUIT: [libjvm.so+0x7c3490], sa_mask[0]=0x7ffbfeff, sa_flags=0x10000004
SIGTRAP: SIG_DFL, sa_mask[0]=0x00000000, sa_flags=0x00000000


---------------  S Y S T E M  ---------------

OS:Ubuntu 14.04 (trusty)
uname:Linux 3.13.0-37-generic #64-Ubuntu SMP Mon Sep 22 21:28:38 UTC 2014 x86_64
libc:glibc 2.19 NPTL 2.19 
rlimit: STACK 8192k, CORE 0k, NPROC 30623, NOFILE 4096, AS infinity
load average:4,76 2,85 1,83

/proc/meminfo:
MemTotal:        3998040 kB
MemFree:          135156 kB
Buffers:             300 kB
Cached:            42900 kB
SwapCached:            0 kB
Active:          3595428 kB
Inactive:          39176 kB
Active(anon):    3592536 kB
Inactive(anon):    27068 kB
Active(file):       2892 kB
Inactive(file):    12108 kB
Unevictable:          32 kB
Mlocked:              32 kB
SwapTotal:             0 kB
SwapFree:              0 kB
Dirty:               188 kB
Writeback:             0 kB
AnonPages:       3591484 kB
Mapped:            29892 kB
Shmem:             28164 kB
Slab:              97776 kB
SReclaimable:      36208 kB
SUnreclaim:        61568 kB
KernelStack:        6208 kB
PageTables:        46140 kB
NFS_Unstable:          0 kB
Bounce:                0 kB
WritebackTmp:          0 kB
CommitLimit:     1999020 kB
Committed_AS:    8913916 kB
VmallocTotal:   34359738367 kB
VmallocUsed:       94524 kB
VmallocChunk:   34359631492 kB
HardwareCorrupted:     0 kB
AnonHugePages:   1415168 kB
HugePages_Total:       0
HugePages_Free:        0
HugePages_Rsvd:        0
HugePages_Surp:        0
Hugepagesize:       2048 kB
DirectMap4k:       83656 kB
DirectMap2M:     4061184 kB


CPU:total 8 (4 cores per cpu, 2 threads per core) family 6 model 58 stepping 9, cmov, cx8, fxsr, mmx, sse, sse2, sse3, ssse3, sse4.1, sse4.2, popcnt, avx, aes, erms, ht, tsc, tscinvbit, tscinv

/proc/cpuinfo:
processor	: 0
vendor_id	: GenuineIntel
cpu family	: 6
model		: 58
model name	: Intel(R) Core(TM) i7-3630QM CPU @ 2.40GHz
stepping	: 9
microcode	: 0x17
cpu MHz		: 1200.000
cache size	: 6144 KB
physical id	: 0
siblings	: 8
core id		: 0
cpu cores	: 4
apicid		: 0
initial apicid	: 0
fpu		: yes
fpu_exception	: yes
cpuid level	: 13
wp		: yes
flags		: fpu vme de pse tsc msr pae mce cx8 apic sep mtrr pge mca cmov pat pse36 clflush dts acpi mmx fxsr sse sse2 ss ht tm pbe syscall nx rdtscp lm constant_tsc arch_perfmon pebs bts rep_good nopl xtopology nonstop_tsc aperfmperf eagerfpu pni pclmulqdq dtes64 monitor ds_cpl vmx est tm2 ssse3 cx16 xtpr pdcm pcid sse4_1 sse4_2 x2apic popcnt tsc_deadline_timer aes xsave avx f16c rdrand lahf_lm ida arat epb xsaveopt pln pts dtherm tpr_shadow vnmi flexpriority ept vpid fsgsbase smep erms
bogomips	: 4788.95
clflush size	: 64
cache_alignment	: 64
address sizes	: 36 bits physical, 48 bits virtual
power management:

processor	: 1
vendor_id	: GenuineIntel
cpu family	: 6
model		: 58
model name	: Intel(R) Core(TM) i7-3630QM CPU @ 2.40GHz
stepping	: 9
microcode	: 0x17
cpu MHz		: 1200.000
cache size	: 6144 KB
physical id	: 0
siblings	: 8
core id		: 0
cpu cores	: 4
apicid		: 1
initial apicid	: 1
fpu		: yes
fpu_exception	: yes
cpuid level	: 13
wp		: yes
flags		: fpu vme de pse tsc msr pae mce cx8 apic sep mtrr pge mca cmov pat pse36 clflush dts acpi mmx fxsr sse sse2 ss ht tm pbe syscall nx rdtscp lm constant_tsc arch_perfmon pebs bts rep_good nopl xtopology nonstop_tsc aperfmperf eagerfpu pni pclmulqdq dtes64 monitor ds_cpl vmx est tm2 ssse3 cx16 xtpr pdcm pcid sse4_1 sse4_2 x2apic popcnt tsc_deadline_timer aes xsave avx f16c rdrand lahf_lm ida arat epb xsaveopt pln pts dtherm tpr_shadow vnmi flexpriority ept vpid fsgsbase smep erms
bogomips	: 4788.95
clflush size	: 64
cache_alignment	: 64
address sizes	: 36 bits physical, 48 bits virtual
power management:

processor	: 2
vendor_id	: GenuineIntel
cpu family	: 6
model		: 58
model name	: Intel(R) Core(TM) i7-3630QM CPU @ 2.40GHz
stepping	: 9
microcode	: 0x17
cpu MHz		: 1200.000
cache size	: 6144 KB
physical id	: 0
siblings	: 8
core id		: 1
cpu cores	: 4
apicid		: 2
initial apicid	: 2
fpu		: yes
fpu_exception	: yes
cpuid level	: 13
wp		: yes
flags		: fpu vme de pse tsc msr pae mce cx8 apic sep mtrr pge mca cmov pat pse36 clflush dts acpi mmx fxsr sse sse2 ss ht tm pbe syscall nx rdtscp lm constant_tsc arch_perfmon pebs bts rep_good nopl xtopology nonstop_tsc aperfmperf eagerfpu pni pclmulqdq dtes64 monitor ds_cpl vmx est tm2 ssse3 cx16 xtpr pdcm pcid sse4_1 sse4_2 x2apic popcnt tsc_deadline_timer aes xsave avx f16c rdrand lahf_lm ida arat epb xsaveopt pln pts dtherm tpr_shadow vnmi flexpriority ept vpid fsgsbase smep erms
bogomips	: 4788.95
clflush size	: 64
cache_alignment	: 64
address sizes	: 36 bits physical, 48 bits virtual
power management:

processor	: 3
vendor_id	: GenuineIntel
cpu family	: 6
model		: 58
model name	: Intel(R) Core(TM) i7-3630QM CPU @ 2.40GHz
stepping	: 9
microcode	: 0x17
cpu MHz		: 1200.000
cache size	: 6144 KB
physical id	: 0
siblings	: 8
core id		: 1
cpu cores	: 4
apicid		: 3
initial apicid	: 3
fpu		: yes
fpu_exception	: yes
cpuid level	: 13
wp		: yes
flags		: fpu vme de pse tsc msr pae mce cx8 apic sep mtrr pge mca cmov pat pse36 clflush dts acpi mmx fxsr sse sse2 ss ht tm pbe syscall nx rdtscp lm constant_tsc arch_perfmon pebs bts rep_good nopl xtopology nonstop_tsc aperfmperf eagerfpu pni pclmulqdq dtes64 monitor ds_cpl vmx est tm2 ssse3 cx16 xtpr pdcm pcid sse4_1 sse4_2 x2apic popcnt tsc_deadline_timer aes xsave avx f16c rdrand lahf_lm ida arat epb xsaveopt pln pts dtherm tpr_shadow vnmi flexpriority ept vpid fsgsbase smep erms
bogomips	: 4788.95
clflush size	: 64
cache_alignment	: 64
address sizes	: 36 bits physical, 48 bits virtual
power management:

processor	: 4
vendor_id	: GenuineIntel
cpu family	: 6
model		: 58
model name	: Intel(R) Core(TM) i7-3630QM CPU @ 2.40GHz
stepping	: 9
microcode	: 0x17
cpu MHz		: 1200.000
cache size	: 6144 KB
physical id	: 0
siblings	: 8
core id		: 2
cpu cores	: 4
apicid		: 4
initial apicid	: 4
fpu		: yes
fpu_exception	: yes
cpuid level	: 13
wp		: yes
flags		: fpu vme de pse tsc msr pae mce cx8 apic sep mtrr pge mca cmov pat pse36 clflush dts acpi mmx fxsr sse sse2 ss ht tm pbe syscall nx rdtscp lm constant_tsc arch_perfmon pebs bts rep_good nopl xtopology nonstop_tsc aperfmperf eagerfpu pni pclmulqdq dtes64 monitor ds_cpl vmx est tm2 ssse3 cx16 xtpr pdcm pcid sse4_1 sse4_2 x2apic popcnt tsc_deadline_timer aes xsave avx f16c rdrand lahf_lm ida arat epb xsaveopt pln pts dtherm tpr_shadow vnmi flexpriority ept vpid fsgsbase smep erms
bogomips	: 4788.95
clflush size	: 64
cache_alignment	: 64
address sizes	: 36 bits physical, 48 bits virtual
power management:

processor	: 5
vendor_id	: GenuineIntel
cpu family	: 6
model		: 58
model name	: Intel(R) Core(TM) i7-3630QM CPU @ 2.40GHz
stepping	: 9
microcode	: 0x17
cpu MHz		: 2401.000
cache size	: 6144 KB
physical id	: 0
siblings	: 8
core id		: 2
cpu cores	: 4
apicid		: 5
initial apicid	: 5
fpu		: yes
fpu_exception	: yes
cpuid level	: 13
wp		: yes
flags		: fpu vme de pse tsc msr pae mce cx8 apic sep mtrr pge mca cmov pat pse36 clflush dts acpi mmx fxsr sse sse2 ss ht tm pbe syscall nx rdtscp lm constant_tsc arch_perfmon pebs bts rep_good nopl xtopology nonstop_tsc aperfmperf eagerfpu pni pclmulqdq dtes64 monitor ds_cpl vmx est tm2 ssse3 cx16 xtpr pdcm pcid sse4_1 sse4_2 x2apic popcnt tsc_deadline_timer aes xsave avx f16c rdrand lahf_lm ida arat epb xsaveopt pln pts dtherm tpr_shadow vnmi flexpriority ept vpid fsgsbase smep erms
bogomips	: 4788.95
clflush size	: 64
cache_alignment	: 64
address sizes	: 36 bits physical, 48 bits virtual
power management:

processor	: 6
vendor_id	: GenuineIntel
cpu family	: 6
model		: 58
model name	: Intel(R) Core(TM) i7-3630QM CPU @ 2.40GHz
stepping	: 9
microcode	: 0x17
cpu MHz		: 2401.000
cache size	: 6144 KB
physical id	: 0
siblings	: 8
core id		: 3
cpu cores	: 4
apicid		: 6
initial apicid	: 6
fpu		: yes
fpu_exception	: yes
cpuid level	: 13
wp		: yes
flags		: fpu vme de pse tsc msr pae mce cx8 apic sep mtrr pge mca cmov pat pse36 clflush dts acpi mmx fxsr sse sse2 ss ht tm pbe syscall nx rdtscp lm constant_tsc arch_perfmon pebs bts rep_good nopl xtopology nonstop_tsc aperfmperf eagerfpu pni pclmulqdq dtes64 monitor ds_cpl vmx est tm2 ssse3 cx16 xtpr pdcm pcid sse4_1 sse4_2 x2apic popcnt tsc_deadline_timer aes xsave avx f16c rdrand lahf_lm ida arat epb xsaveopt pln pts dtherm tpr_shadow vnmi flexpriority ept vpid fsgsbase smep erms
bogomips	: 4788.95
clflush size	: 64
cache_alignment	: 64
address sizes	: 36 bits physical, 48 bits virtual
power management:

processor	: 7
vendor_id	: GenuineIntel
cpu family	: 6
model		: 58
model name	: Intel(R) Core(TM) i7-3630QM CPU @ 2.40GHz
stepping	: 9
microcode	: 0x17
cpu MHz		: 1200.000
cache size	: 6144 KB
physical id	: 0
siblings	: 8
core id		: 3
cpu cores	: 4
apicid		: 7
initial apicid	: 7
fpu		: yes
fpu_exception	: yes
cpuid level	: 13
wp		: yes
flags		: fpu vme de pse tsc msr pae mce cx8 apic sep mtrr pge mca cmov pat pse36 clflush dts acpi mmx fxsr sse sse2 ss ht tm pbe syscall nx rdtscp lm constant_tsc arch_perfmon pebs bts rep_good nopl xtopology nonstop_tsc aperfmperf eagerfpu pni pclmulqdq dtes64 monitor ds_cpl vmx est tm2 ssse3 cx16 xtpr pdcm pcid sse4_1 sse4_2 x2apic popcnt tsc_deadline_timer aes xsave avx f16c rdrand lahf_lm ida arat epb xsaveopt pln pts dtherm tpr_shadow vnmi flexpriority ept vpid fsgsbase smep erms
bogomips	: 4788.95
clflush size	: 64
cache_alignment	: 64
address sizes	: 36 bits physical, 48 bits virtual
power management:



Memory: 4k page, physical 3998040k(135156k free), swap 0k(0k free)

vm_info: OpenJDK 64-Bit Server VM (24.65-b04) for linux-amd64 JRE (1.7.0_65-b32), built on Oct 22 2014 04:37:44 by "buildd" with gcc 4.8.2

time: Fri Nov  7 19:02:59 2014
elapsed time: 21 seconds

